<simon-configuration>
	<filter-callback>
		<rule type="must" pattern="org.javasimon.test.good.*"/>
		<rule events="stop">
			<condition>
				<![CDATA[
						split > 5000 and split < 10us
					]]>
			</condition>
		</rule>

		<callback class="org.javasimon.utils.LoggingCallback">
			<set property="logger" value="org.javasimon.test"/>
			<set property="level" value="INFO"/>
		</callback>
	</filter-callback>
	<callback class="org.javasimon.utils.SystemDebugCallback"/>

	<simon pattern="org.javasimon.test.*" state="disabled"/>
</simon-configuration>